
> salon-booking@0.1.0 dev
> next dev

⚠ Port 3000 is in use by process 11251, using available port 3001 instead.
▲ Next.js 16.2.6 (Turbopack)
- Local:         http://localhost:3001
- Network:       http://192.168.11.165:3001
- Environments: .env.local
✓ Ready in 1902ms

 GET /book/stylist 404 in 2.1s (next.js: 1754ms, application-code: 315ms)
 GET /book/stylist 404 in 86ms (next.js: 9ms, application-code: 76ms)
 GET /book/stylist 404 in 985ms (next.js: 563ms, application-code: 422ms)
○ Compiling /book/stylist ...
⨯ ./src/app/book/stylist/page.tsx:5:1
Module not found: Can't resolve '@/lib/bookingStore'
  [90m3 |[0m [36mimport[0m { useEffect, useState } [36mfrom[0m [32m'react'[0m
  [90m4 |[0m [36mimport[0m { useRouter } [36mfrom[0m [32m'next/navigation'[0m
[31m[1m>[0m [90m5 |[0m [36mimport[0m { setStylist } [36mfrom[0m [32m'@/lib/bookingStore'[0m
  [90m  |[0m [31m[1m^^^^^^^^^^^^^^^^^^^^^^^^^^^^^^^^^^^^^^^^^^^^^^^[0m
  [90m6 |[0m [36mimport[0m { [33mRANK_LABELS[0m } [36mfrom[0m [32m'@/lib/utils'[0m
  [90m7 |[0m [36mimport[0m { [33mLoadingSpinner[0m, [33mErrorMessage[0m, [33mStepIndicator[0m } [36mfrom[0m [32m'@/co...[0m
  [90m8 |[0m [36mimport[0m [36mtype[0m { [33mStylist[0m } [36mfrom[0m [32m'@/types'[0m

Import map: aliased to relative './src/lib/bookingStore' inside of [project]/


Import traces:
  Client Component Browser:
    ./src/app/book/stylist/page.tsx [Client Component Browser]
    ./src/app/book/stylist/page.tsx [Server Component]

  Client Component SSR:
    ./src/app/book/stylist/page.tsx [Client Component SSR]
    ./src/app/book/stylist/page.tsx [Server Component]

https://nextjs.org/docs/messages/module-not-found


⨯ ./src/app/book/stylist/page.tsx:5:1
Module not found: Can't resolve '@/lib/bookingStore'
  [90m3 |[0m [36mimport[0m { useEffect, useState } [36mfrom[0m [32m'react'[0m
  [90m4 |[0m [36mimport[0m { useRouter } [36mfrom[0m [32m'next/navigation'[0m
[31m[1m>[0m [90m5 |[0m [36mimport[0m { setStylist } [36mfrom[0m [32m'@/lib/bookingStore'[0m
  [90m  |[0m [31m[1m^^^^^^^^^^^^^^^^^^^^^^^^^^^^^^^^^^^^^^^^^^^^^^^[0m
  [90m6 |[0m [36mimport[0m { [33mRANK_LABELS[0m } [36mfrom[0m [32m'@/lib/utils'[0m
  [90m7 |[0m [36mimport[0m { [33mLoadingSpinner[0m, [33mErrorMessage[0m, [33mStepIndicator[0m } [36mfrom[0m [32m'@/co...[0m
  [90m8 |[0m [36mimport[0m [36mtype[0m { [33mStylist[0m } [36mfrom[0m [32m'@/types'[0m

Import map: aliased to relative './src/lib/bookingStore' inside of [project]/


Import traces:
  Client Component Browser:
    ./src/app/book/stylist/page.tsx [Client Component Browser]
    ./src/app/book/stylist/page.tsx [Server Component]

  Client Component SSR:
    ./src/app/book/stylist/page.tsx [Client Component SSR]
    ./src/app/book/stylist/page.tsx [Server Component]

https://nextjs.org/docs/messages/module-not-found


 GET /book/stylist 500 in 4.8s (next.js: 4.4s, application-code: 406ms)
 GET /book/stylist 500 in 4.8s (next.js: 4.7s, application-code: 25ms)
[browser] Uncaught Error: ./src/app/book/stylist/page.tsx:5:1
Module not found: Can't resolve '@/lib/bookingStore'
  3 | import { useEffect, useState } from 'react'
  4 | import { useRouter } from 'next/navigation'
> 5 | import { setStylist } from '@/lib/bookingStore'
    | ^^^^^^^^^^^^^^^^^^^^^^^^^^^^^^^^^^^^^^^^^^^^^^^
  6 | import { RANK_LABELS } from '@/lib/utils'
  7 | import { LoadingSpinner, ErrorMessage, StepIndicator } from '@/co...
  8 | import type { Stylist } from '@/types'

Import map: aliased to relative './src/lib/bookingStore' inside of [project]/


Import traces:
  Client Component Browser:
    ./src/app/book/stylist/page.tsx [Client Component Browser]
    ./src/app/book/stylist/page.tsx [Server Component]

  Client Component SSR:
    ./src/app/book/stylist/page.tsx [Client Component SSR]
    ./src/app/book/stylist/page.tsx [Server Component]

https://nextjs.org/docs/messages/module-not-found


    at <unknown> (Error: ./src/app/book/stylist/page.tsx:5:1)
    at <unknown> (https://nextjs.org/docs/messages/module-not-found)
    at <unknown> (Error: (./src/app/book/stylist/page.tsx:5:1)
    at <unknown> (https://nextjs.org/docs/messages/module-not-found)
[browser] ./src/app/book/stylist/page.tsx:5:1
Module not found: Can't resolve '@/lib/bookingStore'
  3 | import { useEffect, useState } from 'react'
  4 | import { useRouter } from 'next/navigation'
> 5 | import { setStylist } from '@/lib/bookingStore'
    | ^^^^^^^^^^^^^^^^^^^^^^^^^^^^^^^^^^^^^^^^^^^^^^^
  6 | import { RANK_LABELS } from '@/lib/utils'
  7 | import { LoadingSpinner, ErrorMessage, StepIndicator } from '@/co...
  8 | import type { Stylist } from '@/types'

Import map: aliased to relative './src/lib/bookingStore' inside of [project]/

Import traces:
  Client Component Browser:
    ./src/app/book/stylist/page.tsx [Client Component Browser]
    ./src/app/book/stylist/page.tsx [Server Component]

  Client Component SSR:
    ./src/app/book/stylist/page.tsx [Client Component SSR]
    ./src/app/book/stylist/page.tsx [Server Component]

https://nextjs.org/docs/messages/module-not-found 
    at handleErrors (file:///Users/hattoritakahiro/Desktop/自社予約サイト/files2/.next/dev/static/chunks/node_modules_next_dist_client_0pe1dg-._.js:2774:21)
    at processMessage (file:///Users/hattoritakahiro/Desktop/自社予約サイト/files2/.next/dev/static/chunks/node_modules_next_dist_client_0pe1dg-._.js:2835:28)
    at <unknown> (file:///Users/hattoritakahiro/Desktop/自社予約サイト/files2/.next/dev/static/chunks/node_modules_next_dist_client_0pe1dg-._.js:2680:13)
    at WebSocket.handleMessage (file:///Users/hattoritakahiro/Desktop/自社予約サイト/files2/.next/dev/static/chunks/node_modules_next_dist_client_0pe1dg-._.js:2325:17) (file:///Users/hattoritakahiro/Desktop/自社予約サイト/files2/.next/dev/static/chunks/node_modules_next_dist_client_0pe1dg-._.js:2774:21)
[browser] ./src/app/book/stylist/page.tsx:5:1
Module not found: Can't resolve '@/lib/bookingStore'
  3 | import { useEffect, useState } from 'react'
  4 | import { useRouter } from 'next/navigation'
> 5 | import { setStylist } from '@/lib/bookingStore'
    | ^^^^^^^^^^^^^^^^^^^^^^^^^^^^^^^^^^^^^^^^^^^^^^^
  6 | import { RANK_LABELS } from '@/lib/utils'
  7 | import { LoadingSpinner, ErrorMessage, StepIndicator } from '@/co...
  8 | import type { Stylist } from '@/types'

Import map: aliased to relative './src/lib/bookingStore' inside of [project]/

Import traces:
  Client Component Browser:
    ./src/app/book/stylist/page.tsx [Client Component Browser]
    ./src/app/book/stylist/page.tsx [Server Component]

  Client Component SSR:
    ./src/app/book/stylist/page.tsx [Client Component SSR]
    ./src/app/book/stylist/page.tsx [Server Component]

https://nextjs.org/docs/messages/module-not-found 
    at handleErrors (file:///Users/hattoritakahiro/Desktop/自社予約サイト/files2/.next/dev/static/chunks/node_modules_next_dist_client_0pe1dg-._.js:2774:21)
    at processMessage (file:///Users/hattoritakahiro/Desktop/自社予約サイト/files2/.next/dev/static/chunks/node_modules_next_dist_client_0pe1dg-._.js:2835:28)
    at <unknown> (file:///Users/hattoritakahiro/Desktop/自社予約サイト/files2/.next/dev/static/chunks/node_modules_next_dist_client_0pe1dg-._.js:2680:13)
    at WebSocket.handleMessage (file:///Users/hattoritakahiro/Desktop/自社予約サイト/files2/.next/dev/static/chunks/node_modules_next_dist_client_0pe1dg-._.js:2325:17) (file:///Users/hattoritakahiro/Desktop/自社予約サイト/files2/.next/dev/static/chunks/node_modules_next_dist_client_0pe1dg-._.js:2774:21)
[browser] ./src/app/book/stylist/page.tsx:5:1
Module not found: Can't resolve '@/lib/bookingStore'
  3 | import { useEffect, useState } from 'react'
  4 | import { useRouter } from 'next/navigation'
> 5 | import { setStylist } from '@/lib/bookingStore'
    | ^^^^^^^^^^^^^^^^^^^^^^^^^^^^^^^^^^^^^^^^^^^^^^^
  6 | import { RANK_LABELS } from '@/lib/utils'
  7 | import { LoadingSpinner, ErrorMessage, StepIndicator } from '@/co...
  8 | import type { Stylist } from '@/types'

Import map: aliased to relative './src/lib/bookingStore' inside of [project]/

Import traces:
  Client Component Browser:
    ./src/app/book/stylist/page.tsx [Client Component Browser]
    ./src/app/book/stylist/page.tsx [Server Component]

  Client Component SSR:
    ./src/app/book/stylist/page.tsx [Client Component SSR]
    ./src/app/book/stylist/page.tsx [Server Component]

https://nextjs.org/docs/messages/module-not-found 
    at handleErrors (file:///Users/hattoritakahiro/Desktop/自社予約サイト/files2/.next/dev/static/chunks/node_modules_next_dist_client_0pe1dg-._.js:2774:21)
    at processMessage (file:///Users/hattoritakahiro/Desktop/自社予約サイト/files2/.next/dev/static/chunks/node_modules_next_dist_client_0pe1dg-._.js:2835:28)
    at <unknown> (file:///Users/hattoritakahiro/Desktop/自社予約サイト/files2/.next/dev/static/chunks/node_modules_next_dist_client_0pe1dg-._.js:2680:13)
    at WebSocket.handleMessage (file:///Users/hattoritakahiro/Desktop/自社予約サイト/files2/.next/dev/static/chunks/node_modules_next_dist_client_0pe1dg-._.js:2325:17) (file:///Users/hattoritakahiro/Desktop/自社予約サイト/files2/.next/dev/static/chunks/node_modules_next_dist_client_0pe1dg-._.js:2774:21)
 GET /book/stylist 200 in 860ms (next.js: 407ms, application-code: 453ms)
 GET /book/stylist 200 in 224ms (next.js: 9ms, application-code: 215ms)
 GET /api/stylists 404 in 213ms (next.js: 81ms, application-code: 132ms)
 GET / 200 in 191ms (next.js: 129ms, application-code: 61ms)
 GET /book/stylist 200 in 36ms (next.js: 7ms, application-code: 29ms)
 GET /api/stylists 404 in 169ms (next.js: 10ms, application-code: 159ms)
 GET /api/stylists 404 in 100ms (next.js: 6ms, application-code: 94ms)
 GET / 200 in 24ms (next.js: 2ms, application-code: 21ms)
 GET /my/reservations 200 in 77ms (next.js: 52ms, application-code: 26ms)
 GET /book/stylist 200 in 47ms (next.js: 5ms, application-code: 43ms)
 GET /api/stylists 404 in 137ms (next.js: 9ms, application-code: 128ms)
 GET /api/stylists 404 in 75ms (next.js: 3ms, application-code: 71ms)
 GET / 200 in 1308ms (next.js: 538ms, application-code: 770ms)
 GET / 200 in 99ms (next.js: 23ms, application-code: 76ms)
 GET / 200 in 281ms (next.js: 7ms, application-code: 274ms)
 GET / 200 in 428ms (next.js: 30ms, application-code: 399ms)
 GET / 200 in 457ms (next.js: 20ms, application-code: 437ms)
 GET / 200 in 226ms (next.js: 8ms, application-code: 219ms)
 GET / 200 in 165ms (next.js: 12ms, application-code: 153ms)
 GET / 200 in 104ms (next.js: 3ms, application-code: 101ms)
 GET / 200 in 80ms (next.js: 4ms, application-code: 75ms)
 GET / 200 in 117ms (next.js: 7ms, application-code: 110ms)
 GET / 200 in 230ms (next.js: 6ms, application-code: 224ms)
 GET / 200 in 182ms (next.js: 7ms, application-code: 176ms)
 GET / 200 in 206ms (next.js: 7ms, application-code: 199ms)
 GET / 200 in 180ms (next.js: 5ms, application-code: 174ms)
 GET / 200 in 155ms (next.js: 18ms, application-code: 137ms)
 GET / 200 in 89ms (next.js: 4ms, application-code: 85ms)
 GET / 200 in 76ms (next.js: 7ms, application-code: 69ms)
 GET / 200 in 59ms (next.js: 5ms, application-code: 54ms)
 GET / 200 in 26ms (next.js: 3ms, application-code: 23ms)
 GET / 200 in 222ms (next.js: 2ms, application-code: 220ms)
 GET / 200 in 185ms (next.js: 80ms, application-code: 104ms)
 GET / 200 in 93ms (next.js: 6ms, application-code: 87ms)
 GET / 200 in 79ms (next.js: 4ms, application-code: 75ms)
 GET / 200 in 88ms (next.js: 3ms, application-code: 85ms)
 GET / 200 in 107ms (next.js: 2ms, application-code: 104ms)
 GET / 200 in 144ms (next.js: 2ms, application-code: 141ms)
 GET / 200 in 145ms (next.js: 3ms, application-code: 142ms)
 GET / 200 in 113ms (next.js: 1999µs, application-code: 111ms)
 GET / 200 in 136ms (next.js: 10ms, application-code: 126ms)
 GET / 200 in 144ms (next.js: 36ms, application-code: 108ms)
 GET / 200 in 83ms (next.js: 5ms, application-code: 78ms)
 GET / 200 in 85ms (next.js: 3ms, application-code: 82ms)
 GET / 200 in 184ms (next.js: 2ms, application-code: 182ms)
 GET / 200 in 190ms (next.js: 4ms, application-code: 185ms)
 GET / 200 in 189ms (next.js: 5ms, application-code: 184ms)
 GET / 200 in 98ms (next.js: 8ms, application-code: 90ms)
 GET / 200 in 137ms (next.js: 3ms, application-code: 134ms)
 GET / 200 in 135ms (next.js: 2ms, application-code: 133ms)
 GET / 200 in 133ms (next.js: 8ms, application-code: 125ms)
 GET / 200 in 96ms (next.js: 4ms, application-code: 93ms)
 GET / 200 in 103ms (next.js: 3ms, application-code: 99ms)
 GET / 200 in 104ms (next.js: 2ms, application-code: 102ms)
 GET / 200 in 111ms (next.js: 13ms, application-code: 98ms)
 GET / 200 in 130ms (next.js: 6ms, application-code: 124ms)
 GET / 200 in 107ms (next.js: 6ms, application-code: 101ms)
 GET / 200 in 108ms (next.js: 6ms, application-code: 103ms)
 GET / 200 in 124ms (next.js: 3ms, application-code: 121ms)
 GET / 200 in 123ms (next.js: 7ms, application-code: 117ms)
 GET / 200 in 118ms (next.js: 6ms, application-code: 112ms)
 GET / 200 in 102ms (next.js: 4ms, application-code: 98ms)
 GET / 200 in 101ms (next.js: 7ms, application-code: 94ms)
 GET / 200 in 91ms (next.js: 6ms, application-code: 85ms)
 GET / 200 in 55ms (next.js: 4ms, application-code: 50ms)
 GET / 200 in 29ms (next.js: 7ms, application-code: 22ms)
 GET / 200 in 117ms (next.js: 3ms, application-code: 113ms)
 GET / 200 in 121ms (next.js: 2ms, application-code: 119ms)
 GET / 200 in 102ms (next.js: 2ms, application-code: 100ms)
 GET / 200 in 109ms (next.js: 2ms, application-code: 107ms)
 GET / 200 in 95ms (next.js: 4ms, application-code: 92ms)
 GET / 200 in 94ms (next.js: 6ms, application-code: 87ms)
 GET / 200 in 94ms (next.js: 4ms, application-code: 90ms)
 GET / 200 in 138ms (next.js: 4ms, application-code: 134ms)
 GET / 200 in 151ms (next.js: 4ms, application-code: 147ms)
 GET / 200 in 195ms (next.js: 6ms, application-code: 189ms)
 GET / 200 in 164ms (next.js: 9ms, application-code: 155ms)
 GET / 200 in 124ms (next.js: 3ms, application-code: 121ms)
 GET / 200 in 116ms (next.js: 3ms, application-code: 113ms)
 GET / 200 in 101ms (next.js: 7ms, application-code: 94ms)
 GET / 200 in 95ms (next.js: 7ms, application-code: 88ms)
 GET / 200 in 92ms (next.js: 6ms, application-code: 85ms)
 GET / 200 in 86ms (next.js: 5ms, application-code: 80ms)
 GET / 200 in 85ms (next.js: 4ms, application-code: 81ms)
 GET / 200 in 84ms (next.js: 4ms, application-code: 81ms)
 GET / 200 in 81ms (next.js: 5ms, application-code: 77ms)
 GET / 200 in 54ms (next.js: 4ms, application-code: 50ms)
 GET / 200 in 26ms (next.js: 2ms, application-code: 24ms)
